Flow report for DE2_Clock
Tue Apr 12 10:08:19 2016
Quartus II 64-Bit Version 13.0.0 Build 156 04/24/2013 SJ Full Version


---------------------
; Table of Contents ;
---------------------
  1. Legal Notice
  2. Flow Summary
  3. Flow Settings
  4. Flow Non-Default Global Settings
  5. Flow Elapsed Time
  6. Flow OS Summary
  7. Flow Log
  8. Flow Messages
  9. Flow Suppressed Messages



----------------
; Legal Notice ;
----------------
Copyright (C) 1991-2013 Altera Corporation
Your use of Altera Corporation's design tools, logic functions 
and other software and tools, and its AMPP partner logic 
functions, and any output files from any of the foregoing 
(including device programming or simulation files), and any 
associated documentation or information are expressly subject 
to the terms and conditions of the Altera Program License 
Subscription Agreement, Altera MegaCore Function License 
Agreement, or other applicable license agreement, including, 
without limitation, that your use is for the sole purpose of 
programming logic devices manufactured by Altera and sold by 
Altera or its authorized distributors.  Please refer to the 
applicable agreement for further details.



+----------------------------------------------------------------------------------+
; Flow Summary                                                                     ;
+------------------------------------+---------------------------------------------+
; Flow Status                        ; Successful - Tue Apr 12 10:08:19 2016       ;
; Quartus II 64-Bit Version          ; 13.0.0 Build 156 04/24/2013 SJ Full Version ;
; Revision Name                      ; DE2_Clock                                   ;
; Top-level Entity Name              ; DE2_CLOCK                                   ;
; Family                             ; Cyclone II                                  ;
; Device                             ; EP2C35F672C6                                ;
; Timing Models                      ; Final                                       ;
; Total logic elements               ; 19,767                                      ;
;     Total combinational functions  ; 11,462                                      ;
;     Dedicated logic registers      ; 8,603                                       ;
; Total registers                    ; 8603                                        ;
; Total pins                         ; 150                                         ;
; Total virtual pins                 ; 0                                           ;
; Total memory bits                  ; 0                                           ;
; Embedded Multiplier 9-bit elements ; 0                                           ;
; Total PLLs                         ; 0                                           ;
+------------------------------------+---------------------------------------------+


+-----------------------------------------+
; Flow Settings                           ;
+-------------------+---------------------+
; Option            ; Setting             ;
+-------------------+---------------------+
; Start date & time ; 04/12/2016 10:06:40 ;
; Main task         ; Compilation         ;
; Revision Name     ; DE2_Clock           ;
+-------------------+---------------------+


+------------------------------------------------------------------------------------------------------------------------------------+
; Flow Non-Default Global Settings                                                                                                   ;
+-------------------------------------+-----------------------------------------------+---------------+-------------+----------------+
; Assignment Name                     ; Value                                         ; Default Value ; Entity Name ; Section Id     ;
+-------------------------------------+-----------------------------------------------+---------------+-------------+----------------+
; COMPILER_SIGNATURE_ID               ; 33560313590713.146046639803316                ; --            ; --          ; --             ;
; EDA_GENERATE_FUNCTIONAL_NETLIST     ; Off                                           ; --            ; --          ; eda_simulation ;
; EDA_OUTPUT_DATA_FORMAT              ; Verilog Hdl                                   ; --            ; --          ; eda_simulation ;
; EDA_SIMULATION_TOOL                 ; ModelSim-Altera (Verilog)                     ; <None>        ; --          ; --             ;
; EDA_TIME_SCALE                      ; 1 ps                                          ; --            ; --          ; eda_simulation ;
; MAX_CORE_JUNCTION_TEMP              ; 85                                            ; --            ; --          ; --             ;
; MIN_CORE_JUNCTION_TEMP              ; 0                                             ; --            ; --          ; --             ;
; NUM_PARALLEL_PROCESSORS             ; 4                                             ; 1             ; --          ; --             ;
; PARTITION_COLOR                     ; 16764057                                      ; --            ; --          ; Top            ;
; PARTITION_FITTER_PRESERVATION_LEVEL ; PLACEMENT_AND_ROUTING                         ; --            ; --          ; Top            ;
; PARTITION_NETLIST_TYPE              ; SOURCE                                        ; --            ; --          ; Top            ;
; POWER_BOARD_THERMAL_MODEL           ; None (CONSERVATIVE)                           ; --            ; --          ; --             ;
; POWER_PRESET_COOLING_SOLUTION       ; 23 MM HEAT SINK WITH 200 LFPM AIRFLOW         ; --            ; --          ; --             ;
; USER_LIBRARIES                      ; c:\users\admin\documents\github\mestrado\vhdl ; --            ; --          ; --             ;
+-------------------------------------+-----------------------------------------------+---------------+-------------+----------------+


+--------------------------------------------------------------------------------------------------------------------------+
; Flow Elapsed Time                                                                                                        ;
+----------------------+--------------+-------------------------+---------------------+------------------------------------+
; Module Name          ; Elapsed Time ; Average Processors Used ; Peak Virtual Memory ; Total CPU Time (on all processors) ;
+----------------------+--------------+-------------------------+---------------------+------------------------------------+
; Analysis & Synthesis ; 00:01:39     ; 1.0                     ; 629 MB              ; 00:01:38                           ;
; Total                ; 00:01:39     ; --                      ; --                  ; 00:01:38                           ;
+----------------------+--------------+-------------------------+---------------------+------------------------------------+


+-----------------------------------------------------------------------------------+
; Flow OS Summary                                                                   ;
+----------------------+------------------+-----------+------------+----------------+
; Module Name          ; Machine Hostname ; OS Name   ; OS Version ; Processor type ;
+----------------------+------------------+-----------+------------+----------------+
; Analysis & Synthesis ; Ronny            ; Windows 7 ; 6.2        ; x86_64         ;
+----------------------+------------------+-----------+------------+----------------+


------------
; Flow Log ;
------------
quartus_map --read_settings_files=on --write_settings_files=off DE2_Clock -c DE2_Clock



